<?xml version="1.0" encoding="UTF-8"?>
<!-- Generated by org.testng.reporters.JUnitXMLReporter -->
<testsuite hostname="SL-1246" failures="0" tests="28" name="Login Test windows 10 and FF" time="168.505" errors="0" timestamp="2 Apr 2020 15:58:17 GMT">
  <testcase classname="com.DemoTest.Tests.WebDemoTest" name="LoginDesktopParameterExample" time="50.556"/>
  <testcase classname="com.DemoTest.Tests.WebDemoTest" name="LoginLockedoutUser" time="21.882"/>
  <testcase classname="com.DemoTest.Tests.WebDemoTest" name="LoginLockedoutUser" time="23.103"/>
  <testcase classname="com.DemoTest.Tests.WebDemoTest" name="LoginLockedoutUser" time="24.746"/>
  <testcase classname="com.DemoTest.Tests.WebDemoTest" name="LoginLockedoutUser" time="25.196"/>
  <testcase classname="com.DemoTest.Tests.WebDemoTest" name="LoginLockedoutUser" time="25.689"/>
  <testcase classname="com.DemoTest.Tests.WebDemoTest" name="LoginLockedoutUser" time="26.203"/>
  <testcase classname="com.DemoTest.Tests.WebDemoTest" name="LoginLockedoutUser" time="28.449"/>
  <testcase classname="com.DemoTest.Tests.WebDemoTest" name="LoginLockedoutUser" time="31.571"/>
  <testcase classname="com.DemoTest.Tests.WebDemoTest" name="LoginLockedoutUser" time="33.254"/>
  <testcase classname="com.DemoTest.Tests.WebDemoTest" name="LoginPerfGlitchUser" time="30.917"/>
  <testcase classname="com.DemoTest.Tests.WebDemoTest" name="LoginPerfGlitchUser" time="31.082"/>
  <testcase classname="com.DemoTest.Tests.WebDemoTest" name="LoginPerfGlitchUser" time="34.03"/>
  <testcase classname="com.DemoTest.Tests.WebDemoTest" name="LoginPerfGlitchUser" time="35.982"/>
  <testcase classname="com.DemoTest.Tests.WebDemoTest" name="LoginPerfGlitchUser" time="37.267"/>
  <testcase classname="com.DemoTest.Tests.WebDemoTest" name="LoginPerfGlitchUser" time="44.529"/>
  <testcase classname="com.DemoTest.Tests.WebDemoTest" name="LoginPerfGlitchUser" time="45.372"/>
  <testcase classname="com.DemoTest.Tests.WebDemoTest" name="LoginPerfGlitchUser" time="47.811"/>
  <testcase classname="com.DemoTest.Tests.WebDemoTest" name="LoginPerfGlitchUser" time="48.731"/>
  <testcase classname="com.DemoTest.Tests.WebDemoTest" name="LoginProblemUser" time="27.026"/>
  <testcase classname="com.DemoTest.Tests.WebDemoTest" name="LoginProblemUser" time="27.416"/>
  <testcase classname="com.DemoTest.Tests.WebDemoTest" name="LoginProblemUser" time="28.235"/>
  <testcase classname="com.DemoTest.Tests.WebDemoTest" name="LoginProblemUser" time="28.718"/>
  <testcase classname="com.DemoTest.Tests.WebDemoTest" name="LoginProblemUser" time="29.098"/>
  <testcase classname="com.DemoTest.Tests.WebDemoTest" name="LoginProblemUser" time="30.392"/>
  <testcase classname="com.DemoTest.Tests.WebDemoTest" name="LoginProblemUser" time="31.351"/>
  <testcase classname="com.DemoTest.Tests.WebDemoTest" name="LoginProblemUser" time="31.709"/>
  <testcase classname="com.DemoTest.Tests.WebDemoTest" name="LoginProblemUser" time="32.556"/>
</testsuite> <!-- Login Test windows 10 and FF -->
