<?xml version="1.0" encoding="UTF-8"?>
<!-- Generated by org.testng.reporters.JUnitXMLReporter -->
<testsuite hostname="SL-1246" failures="0" tests="28" name="Login Test windows 8.1 and Chrome" time="142.77" errors="0" timestamp="2 Apr 2020 15:57:51 GMT">
  <testcase classname="com.DemoTest.Tests.WebDemoTest" name="LoginDesktopParameterExample" time="33.966"/>
  <testcase classname="com.DemoTest.Tests.WebDemoTest" name="LoginLockedoutUser" time="22.637"/>
  <testcase classname="com.DemoTest.Tests.WebDemoTest" name="LoginLockedoutUser" time="24.121"/>
  <testcase classname="com.DemoTest.Tests.WebDemoTest" name="LoginLockedoutUser" time="24.476"/>
  <testcase classname="com.DemoTest.Tests.WebDemoTest" name="LoginLockedoutUser" time="25.052"/>
  <testcase classname="com.DemoTest.Tests.WebDemoTest" name="LoginLockedoutUser" time="26.598"/>
  <testcase classname="com.DemoTest.Tests.WebDemoTest" name="LoginLockedoutUser" time="27.071"/>
  <testcase classname="com.DemoTest.Tests.WebDemoTest" name="LoginLockedoutUser" time="27.331"/>
  <testcase classname="com.DemoTest.Tests.WebDemoTest" name="LoginLockedoutUser" time="27.558"/>
  <testcase classname="com.DemoTest.Tests.WebDemoTest" name="LoginLockedoutUser" time="28.742"/>
  <testcase classname="com.DemoTest.Tests.WebDemoTest" name="LoginPerfGlitchUser" time="31.998"/>
  <testcase classname="com.DemoTest.Tests.WebDemoTest" name="LoginPerfGlitchUser" time="32.677"/>
  <testcase classname="com.DemoTest.Tests.WebDemoTest" name="LoginPerfGlitchUser" time="33.031"/>
  <testcase classname="com.DemoTest.Tests.WebDemoTest" name="LoginPerfGlitchUser" time="34.652"/>
  <testcase classname="com.DemoTest.Tests.WebDemoTest" name="LoginPerfGlitchUser" time="35.59"/>
  <testcase classname="com.DemoTest.Tests.WebDemoTest" name="LoginPerfGlitchUser" time="37.321"/>
  <testcase classname="com.DemoTest.Tests.WebDemoTest" name="LoginPerfGlitchUser" time="37.673"/>
  <testcase classname="com.DemoTest.Tests.WebDemoTest" name="LoginPerfGlitchUser" time="37.704"/>
  <testcase classname="com.DemoTest.Tests.WebDemoTest" name="LoginPerfGlitchUser" time="38.466"/>
  <testcase classname="com.DemoTest.Tests.WebDemoTest" name="LoginProblemUser" time="24.792"/>
  <testcase classname="com.DemoTest.Tests.WebDemoTest" name="LoginProblemUser" time="27.474"/>
  <testcase classname="com.DemoTest.Tests.WebDemoTest" name="LoginProblemUser" time="27.819"/>
  <testcase classname="com.DemoTest.Tests.WebDemoTest" name="LoginProblemUser" time="28.424"/>
  <testcase classname="com.DemoTest.Tests.WebDemoTest" name="LoginProblemUser" time="28.698"/>
  <testcase classname="com.DemoTest.Tests.WebDemoTest" name="LoginProblemUser" time="30.01"/>
  <testcase classname="com.DemoTest.Tests.WebDemoTest" name="LoginProblemUser" time="31.256"/>
  <testcase classname="com.DemoTest.Tests.WebDemoTest" name="LoginProblemUser" time="34.266"/>
  <testcase classname="com.DemoTest.Tests.WebDemoTest" name="LoginProblemUser" time="36.501"/>
</testsuite> <!-- Login Test windows 8.1 and Chrome -->
