<?xml version="1.0" encoding="UTF-8"?>
<!-- Generated by org.testng.reporters.JUnitXMLReporter -->
<testsuite hostname="SL-1246" failures="0" tests="28" name="Login Test windows 8.1 and Chrome -1" time="136.386" errors="0" timestamp="2 Apr 2020 15:57:45 GMT">
  <testcase classname="com.DemoTest.Tests.WebDemoTest" name="LoginDesktopParameterExample" time="30.836"/>
  <testcase classname="com.DemoTest.Tests.WebDemoTest" name="LoginLockedoutUser" time="22.462"/>
  <testcase classname="com.DemoTest.Tests.WebDemoTest" name="LoginLockedoutUser" time="22.76"/>
  <testcase classname="com.DemoTest.Tests.WebDemoTest" name="LoginLockedoutUser" time="24.101"/>
  <testcase classname="com.DemoTest.Tests.WebDemoTest" name="LoginLockedoutUser" time="25.854"/>
  <testcase classname="com.DemoTest.Tests.WebDemoTest" name="LoginLockedoutUser" time="26.312"/>
  <testcase classname="com.DemoTest.Tests.WebDemoTest" name="LoginLockedoutUser" time="26.806"/>
  <testcase classname="com.DemoTest.Tests.WebDemoTest" name="LoginLockedoutUser" time="27.043"/>
  <testcase classname="com.DemoTest.Tests.WebDemoTest" name="LoginLockedoutUser" time="27.698"/>
  <testcase classname="com.DemoTest.Tests.WebDemoTest" name="LoginLockedoutUser" time="28.587"/>
  <testcase classname="com.DemoTest.Tests.WebDemoTest" name="LoginPerfGlitchUser" time="31.966"/>
  <testcase classname="com.DemoTest.Tests.WebDemoTest" name="LoginPerfGlitchUser" time="34.629"/>
  <testcase classname="com.DemoTest.Tests.WebDemoTest" name="LoginPerfGlitchUser" time="35.079"/>
  <testcase classname="com.DemoTest.Tests.WebDemoTest" name="LoginPerfGlitchUser" time="35.265"/>
  <testcase classname="com.DemoTest.Tests.WebDemoTest" name="LoginPerfGlitchUser" time="36.9"/>
  <testcase classname="com.DemoTest.Tests.WebDemoTest" name="LoginPerfGlitchUser" time="38.267"/>
  <testcase classname="com.DemoTest.Tests.WebDemoTest" name="LoginPerfGlitchUser" time="38.707"/>
  <testcase classname="com.DemoTest.Tests.WebDemoTest" name="LoginPerfGlitchUser" time="38.71"/>
  <testcase classname="com.DemoTest.Tests.WebDemoTest" name="LoginPerfGlitchUser" time="38.956"/>
  <testcase classname="com.DemoTest.Tests.WebDemoTest" name="LoginProblemUser" time="24.436"/>
  <testcase classname="com.DemoTest.Tests.WebDemoTest" name="LoginProblemUser" time="24.954"/>
  <testcase classname="com.DemoTest.Tests.WebDemoTest" name="LoginProblemUser" time="26.755"/>
  <testcase classname="com.DemoTest.Tests.WebDemoTest" name="LoginProblemUser" time="28.886"/>
  <testcase classname="com.DemoTest.Tests.WebDemoTest" name="LoginProblemUser" time="29.297"/>
  <testcase classname="com.DemoTest.Tests.WebDemoTest" name="LoginProblemUser" time="30.03"/>
  <testcase classname="com.DemoTest.Tests.WebDemoTest" name="LoginProblemUser" time="30.469"/>
  <testcase classname="com.DemoTest.Tests.WebDemoTest" name="LoginProblemUser" time="31.962"/>
  <testcase classname="com.DemoTest.Tests.WebDemoTest" name="LoginProblemUser" time="33.892"/>
</testsuite> <!-- Login Test windows 8.1 and Chrome -1 -->
