<?xml version="1.0" encoding="UTF-8"?>
<!-- Generated by org.testng.reporters.JUnitXMLReporter -->
<testsuite hostname="SL-1246" failures="0" tests="9" name="/Users/ianflanagan/Workspace/JavaClass/JavaWebDemo/responsivewebdemo" time="44.413" errors="0" timestamp="2 Apr 2020 17:38:16 GMT">
  <testcase classname="com.DemoTest.Tests.WebDemoTest" name="LoginDesktopWeb" time="33.224"/>
  <testcase classname="com.DemoTest.Tests.WebDemoTest" name="LoginDesktopWeb" time="35.653"/>
  <testcase classname="com.DemoTest.Tests.WebDemoTest" name="LoginDesktopWeb" time="35.653"/>
  <testcase classname="com.DemoTest.Tests.WebDemoTest" name="LoginDesktopWeb" time="39.516"/>
  <testcase classname="com.DemoTest.Tests.WebDemoTest" name="LoginDesktopWeb" time="39.933"/>
  <testcase classname="com.DemoTest.Tests.WebDemoTest" name="LoginDesktopWeb" time="40.076"/>
  <testcase classname="com.DemoTest.Tests.WebDemoTest" name="LoginDesktopWeb" time="40.22"/>
  <testcase classname="com.DemoTest.Tests.WebDemoTest" name="LoginDesktopWeb" time="40.241"/>
  <testcase classname="com.DemoTest.Tests.WebDemoTest" name="LoginDesktopWeb" time="40.575"/>
</testsuite> <!-- /Users/ianflanagan/Workspace/JavaClass/JavaWebDemo/responsivewebdemo -->
